<?xml version="1.0" encoding="UTF-8"?>
<!-- Generated by org.testng.reporters.JUnitReportReporter -->
<testsuite hostname="DESKTOP-3JTENGP" failures="0" tests="1" name="FbLogin" time="10.137" errors="0" timestamp="2023-12-07T16:33:47 IST" skipped="0">
  <testcase classname="FbLogin" name="login" time="10.137"/>
</testsuite> <!-- FbLogin -->
