<?xml version="1.0" encoding="UTF-8"?>
<!-- Generated by org.testng.reporters.JUnitReportReporter -->
<testsuite hostname="DESKTOP-3JTENGP" failures="0" tests="1" name="ParameterizedLogin" time="7.938" errors="0" timestamp="2023-12-07T16:42:31 IST" skipped="0">
  <testcase classname="ParameterizedLogin" name="login" time="7.938"/>
</testsuite> <!-- ParameterizedLogin -->
