<?xml version="1.0" encoding="UTF-8"?>
<!-- Generated by org.testng.reporters.JUnitReportReporter -->
<testsuite hostname="DESKTOP-3JTENGP" failures="0" tests="1" name="fbLogin.ParameterizedLogin" time="9.810" errors="0" timestamp="2023-12-08T10:01:31 IST" skipped="0">
  <testcase classname="fbLogin.ParameterizedLogin" name="login" time="9.810"/>
</testsuite> <!-- fbLogin.ParameterizedLogin -->
