<?xml version="1.0" encoding="UTF-8"?>
<!-- Generated by org.testng.reporters.JUnitReportReporter -->
<testsuite hostname="DESKTOP-3JTENGP" failures="0" tests="1" name="groupTest.Users" time="0.019" errors="0" timestamp="2023-12-08T09:50:32 IST" skipped="0">
  <testcase classname="groupTest.Users" name="logIn" time="0.019"/>
</testsuite> <!-- groupTest.Users -->
