<?xml version="1.0" encoding="UTF-8"?>
<!-- Generated by org.testng.reporters.JUnitReportReporter -->
<testsuite hostname="DESKTOP-3JTENGP" failures="0" tests="2" name="groupTest.Products" time="0.029" errors="0" timestamp="2023-12-08T09:50:32 IST" skipped="0">
  <testcase classname="groupTest.Products" name="addToCart" time="0.008"/>
  <testcase classname="groupTest.Products" name="viewProducts" time="0.021"/>
</testsuite> <!-- groupTest.Products -->
